00400000-00402000 r-xp 00000000 00:71 73004142           /PiP/bin/pip-exec
00601000-00602000 r--p 00001000 00:71 73004142           /PiP/bin/pip-exec
00602000-00603000 rw-p 00002000 00:71 73004142           /PiP/bin/pip-exec
00603000-00624000 rw-p 00000000 00:00 0  [heap]
7fffe8000000-7fffe8021000 rw-p 00000000 00:00 0 
7fffe8021000-7fffec000000 ---p 00000000 00:00 0 
7ffff0000000-7ffff0021000 rw-p 00000000 00:00 0 
7ffff0021000-7ffff4000000 ---p 00000000 00:00 0 
7ffff46d9000-7ffff46da000 ---p 00000000 00:00 0 
7ffff46da000-7ffff4eda000 rw-p 00000000 00:00 0 
7ffff4eda000-7ffff4edb000 r-xp 00000000 00:71 73011107   /PiP/example/a.out
7ffff4edb000-7ffff50da000 ---p 00001000 00:71 73011107   /PiP/example/a.out
7ffff50da000-7ffff50db000 r--p 00000000 00:71 73011107   /PiP/example/a.out
7ffff50db000-7ffff50dc000 rw-p 00001000 00:71 73011107   /PiP/example/a.out
7ffff50dc000-7ffff50f6000 r-xp 00000000 00:71 73004125   /PiP/lib/libpip.so.0
7ffff50f6000-7ffff52f6000 ---p 0001a000 00:71 73004125   /PiP/lib/libpip.so.0
7ffff52f6000-7ffff52f7000 r--p 0001a000 00:71 73004125   /PiP/lib/libpip.so.0
7ffff52f7000-7ffff52f8000 rw-p 0001b000 00:71 73004125   /PiP/lib/libpip.so.0
7ffff52f8000-7ffff53f8000 rw-p 00000000 00:00 0 
7ffff53f8000-7ffff55a4000 r-xp 00000000 fe:01 3049686    /lib64/libc-2.28.so
7ffff55a4000-7ffff57a4000 ---p 001ac000 fe:01 3049686    /lib64/libc-2.28.so
7ffff57a4000-7ffff57a8000 r--p 001ac000 fe:01 3049686    /lib64/libc-2.28.so
7ffff57a8000-7ffff57aa000 rw-p 001b0000 fe:01 3049686    /lib64/libc-2.28.so
7ffff57aa000-7ffff57ae000 rw-p 00000000 00:00 0 
7ffff57ae000-7ffff57c5000 r-xp 00000000 fe:01 3050215    /lib64/libpthread-2.28.so
7ffff57c5000-7ffff59c4000 ---p 00017000 fe:01 3050215    /lib64/libpthread-2.28.so
7ffff59c4000-7ffff59c5000 r--p 00016000 fe:01 3050215    /lib64/libpthread-2.28.so
7ffff59c5000-7ffff59c6000 rw-p 00017000 fe:01 3050215    /lib64/libpthread-2.28.so
7ffff59c6000-7ffff59ca000 rw-p 00000000 00:00 0 
7ffff59ca000-7ffff59cc000 r-xp 00000000 fe:01 3049753    /lib64/libdl-2.28.so
7ffff59cc000-7ffff5bcc000 ---p 00002000 fe:01 3049753    /lib64/libdl-2.28.so
7ffff5bcc000-7ffff5bcd000 r--p 00002000 fe:01 3049753    /lib64/libdl-2.28.so
7ffff5bcd000-7ffff5bce000 rw-p 00003000 fe:01 3049753    /lib64/libdl-2.28.so
7ffff5bce000-7ffff5bd6000 r-xp 00000000 00:71 73004126   /PiP/lib/ldpip.so
7ffff5bd6000-7ffff5dd5000 ---p 00008000 00:71 73004126   /PiP/lib/ldpip.so
7ffff5dd5000-7ffff5dd6000 r--p 00007000 00:71 73004126   /PiP/lib/ldpip.so
7ffff5dd6000-7ffff5dd7000 rw-p 00008000 00:71 73004126   /PiP/lib/ldpip.so
7ffff5dd7000-7ffff5dd8000 ---p 00000000 00:00 0 
7ffff5dd8000-7ffff65d8000 rw-p 00000000 00:00 0 
7ffff65d8000-7ffff65d9000 r-xp 00000000 00:71 73011107   /PiP/example/a.out
7ffff65d9000-7ffff67d8000 ---p 00001000 00:71 73011107   /PiP/example/a.out
7ffff67d8000-7ffff67d9000 r--p 00000000 00:71 73011107   /PiP/example/a.out
7ffff67d9000-7ffff67da000 rw-p 00001000 00:71 73011107   /PiP/example/a.out
7ffff67da000-7ffff67f4000 r-xp 00000000 00:71 73004125   /PiP/lib/libpip.so.0
7ffff67f4000-7ffff69f4000 ---p 0001a000 00:71 73004125   /PiP/lib/libpip.so.0
7ffff69f4000-7ffff69f5000 r--p 0001a000 00:71 73004125   /PiP/lib/libpip.so.0
7ffff69f5000-7ffff69f6000 rw-p 0001b000 00:71 73004125   /PiP/lib/libpip.so.0
7ffff69f6000-7ffff6ba2000 r-xp 00000000 fe:01 3049686    /lib64/libc-2.28.so
7ffff6ba2000-7ffff6da2000 ---p 001ac000 fe:01 3049686    /lib64/libc-2.28.so
7ffff6da2000-7ffff6da6000 r--p 001ac000 fe:01 3049686    /lib64/libc-2.28.so
7ffff6da6000-7ffff6da8000 rw-p 001b0000 fe:01 3049686    /lib64/libc-2.28.so
7ffff6da8000-7ffff6dac000 rw-p 00000000 00:00 0 
7ffff6dac000-7ffff6dc3000 r-xp 00000000 fe:01 3050215    /lib64/libpthread-2.28.so
7ffff6dc3000-7ffff6fc2000 ---p 00017000 fe:01 3050215    /lib64/libpthread-2.28.so
7ffff6fc2000-7ffff6fc3000 r--p 00016000 fe:01 3050215    /lib64/libpthread-2.28.so
7ffff6fc3000-7ffff6fc4000 rw-p 00017000 fe:01 3050215    /lib64/libpthread-2.28.so
7ffff6fc4000-7ffff6fc8000 rw-p 00000000 00:00 0 
7ffff6fc8000-7ffff6fca000 r-xp 00000000 fe:01 3049753    /lib64/libdl-2.28.so
7ffff6fca000-7ffff71ca000 ---p 00002000 fe:01 3049753    /lib64/libdl-2.28.so
7ffff71ca000-7ffff71cb000 r--p 00002000 fe:01 3049753    /lib64/libdl-2.28.so
7ffff71cb000-7ffff71cc000 rw-p 00003000 fe:01 3049753    /lib64/libdl-2.28.so
7ffff71cc000-7ffff71d4000 r-xp 00000000 00:71 73004126   /PiP/lib/ldpip.so
7ffff71d4000-7ffff73d3000 ---p 00008000 00:71 73004126   /PiP/lib/ldpip.so
7ffff73d3000-7ffff73d4000 r--p 00007000 00:71 73004126   /PiP/lib/ldpip.so
7ffff73d4000-7ffff73d5000 rw-p 00008000 00:71 73004126   /PiP/lib/ldpip.so
7ffff73d5000-7ffff7581000 r-xp 00000000 fe:01 3049686    /lib64/libc-2.28.so
7ffff7581000-7ffff7781000 ---p 001ac000 fe:01 3049686    /lib64/libc-2.28.so
7ffff7781000-7ffff7785000 r--p 001ac000 fe:01 3049686    /lib64/libc-2.28.so
7ffff7785000-7ffff7787000 rw-p 001b0000 fe:01 3049686    /lib64/libc-2.28.so
7ffff7787000-7ffff778b000 rw-p 00000000 00:00 0 
7ffff778b000-7ffff77a2000 r-xp 00000000 fe:01 3050215    /lib64/libpthread-2.28.so
7ffff77a2000-7ffff79a1000 ---p 00017000 fe:01 3050215    /lib64/libpthread-2.28.so
7ffff79a1000-7ffff79a2000 r--p 00016000 fe:01 3050215    /lib64/libpthread-2.28.so
7ffff79a2000-7ffff79a3000 rw-p 00017000 fe:01 3050215    /lib64/libpthread-2.28.so
7ffff79a3000-7ffff79a7000 rw-p 00000000 00:00 0 
7ffff79a7000-7ffff79a9000 r-xp 00000000 fe:01 3049753    /lib64/libdl-2.28.so
7ffff79a9000-7ffff7ba9000 ---p 00002000 fe:01 3049753    /lib64/libdl-2.28.so
7ffff7ba9000-7ffff7baa000 r--p 00002000 fe:01 3049753    /lib64/libdl-2.28.so
7ffff7baa000-7ffff7bab000 rw-p 00003000 fe:01 3049753    /lib64/libdl-2.28.so
7ffff7bab000-7ffff7bc5000 r-xp 00000000 00:71 73004125   /PiP/lib/libpip.so.0
7ffff7bc5000-7ffff7dc5000 ---p 0001a000 00:71 73004125   /PiP/lib/libpip.so.0
7ffff7dc5000-7ffff7dc6000 r--p 0001a000 00:71 73004125   /PiP/lib/libpip.so.0
7ffff7dc6000-7ffff7dc7000 rw-p 0001b000 00:71 73004125   /PiP/lib/libpip.so.0
7ffff7dc7000-7ffff7dea000 r-xp 00000000 fe:01 3049541    /lib64/ld-2.28.so
7ffff7ed0000-7ffff7fe4000 rw-p 00000000 00:00 0 
7ffff7fe4000-7ffff7fe8000 r--p 00000000 00:00 0          [vvar]
7ffff7fe8000-7ffff7fea000 r-xp 00000000 00:00 0          [vdso]
7ffff7fea000-7ffff7feb000 r--p 00023000 fe:01 3049541    /lib64/ld-2.28.so
7ffff7feb000-7ffff7fff000 rw-p 00024000 fe:01 3049541    /lib64/ld-2.28.so
7ffffffde000-7ffffffff000 rw-p 00000000 00:00 0          [stack]
ffffffffff600000-ffffffffff601000 r-xp 00000000 00:00 0  [vsyscall]
